[2021-01-03 02:03:10.477] [exthost] [info] extension host started
[2021-01-03 02:03:10.570] [exthost] [info] ExtensionService#_doActivateExtension vscode.debug-auto-launch {"startup":true,"extensionId":{"value":"vscode.debug-auto-launch","_lower":"vscode.debug-auto-launch"},"activationEvent":"*"}
[2021-01-03 02:03:10.571] [exthost] [info] ExtensionService#loadCommonJSModule file:///root/.vscode-server/bin/ea3859d4ba2f3e577a159bc91e3074c5d85c0523/extensions/debug-auto-launch/dist/extension
[2021-01-03 02:03:10.579] [exthost] [info] ExtensionService#_doActivateExtension vscode.emmet {"startup":true,"extensionId":{"value":"vscode.emmet","_lower":"vscode.emmet"},"activationEvent":"*"}
[2021-01-03 02:03:10.579] [exthost] [info] ExtensionService#loadCommonJSModule file:///root/.vscode-server/bin/ea3859d4ba2f3e577a159bc91e3074c5d85c0523/extensions/emmet/dist/node/emmetNodeMain
[2021-01-03 02:03:10.631] [exthost] [info] ExtensionService#_doActivateExtension vscode.git {"startup":true,"extensionId":{"value":"vscode.github","_lower":"vscode.github"},"activationEvent":"*"}
[2021-01-03 02:03:10.632] [exthost] [info] ExtensionService#loadCommonJSModule file:///root/.vscode-server/bin/ea3859d4ba2f3e577a159bc91e3074c5d85c0523/extensions/git/dist/main
[2021-01-03 02:03:10.724] [exthost] [info] ExtensionService#_doActivateExtension vscode.merge-conflict {"startup":true,"extensionId":{"value":"vscode.merge-conflict","_lower":"vscode.merge-conflict"},"activationEvent":"*"}
[2021-01-03 02:03:10.724] [exthost] [info] ExtensionService#loadCommonJSModule file:///root/.vscode-server/bin/ea3859d4ba2f3e577a159bc91e3074c5d85c0523/extensions/merge-conflict/dist/mergeConflictMain
[2021-01-03 02:03:10.732] [exthost] [info] ExtensionService#_doActivateExtension vscode.search-result {"startup":true,"extensionId":{"value":"vscode.search-result","_lower":"vscode.search-result"},"activationEvent":"*"}
[2021-01-03 02:03:10.733] [exthost] [info] ExtensionService#loadCommonJSModule file:///root/.vscode-server/bin/ea3859d4ba2f3e577a159bc91e3074c5d85c0523/extensions/search-result/dist/extension.js
[2021-01-03 02:03:10.865] [exthost] [info] ExtensionService#_doActivateExtension vscode.github {"startup":true,"extensionId":{"value":"vscode.github","_lower":"vscode.github"},"activationEvent":"*"}
[2021-01-03 02:03:10.865] [exthost] [info] ExtensionService#loadCommonJSModule file:///root/.vscode-server/bin/ea3859d4ba2f3e577a159bc91e3074c5d85c0523/extensions/github/dist/extension.js
[2021-01-03 02:03:11.084] [exthost] [info] ExtensionService#_doActivateExtension ms-vscode.js-debug {"startup":false,"extensionId":{"value":"ms-vscode.js-debug","_lower":"ms-vscode.js-debug"},"activationEvent":"onCommand:extension.js-debug.clearAutoAttachVariables"}
[2021-01-03 02:03:11.084] [exthost] [info] ExtensionService#loadCommonJSModule file:///root/.vscode-server/bin/ea3859d4ba2f3e577a159bc91e3074c5d85c0523/extensions/ms-vscode.js-debug/src/extension.js
[2021-01-03 02:03:11.428] [exthost] [info] ExtensionService#_doActivateExtension vscode.typescript-language-features {"startup":false,"extensionId":{"value":"vscode.typescript-language-features","_lower":"vscode.typescript-language-features"},"activationEvent":"onLanguage:javascript"}
[2021-01-03 02:03:11.428] [exthost] [info] ExtensionService#loadCommonJSModule file:///root/.vscode-server/bin/ea3859d4ba2f3e577a159bc91e3074c5d85c0523/extensions/typescript-language-features/dist/extension
[2021-01-03 02:03:11.472] [exthost] [info] ExtensionService#_doActivateExtension vscode.configuration-editing {"startup":false,"extensionId":{"value":"vscode.configuration-editing","_lower":"vscode.configuration-editing"},"activationEvent":"onLanguage:json"}
[2021-01-03 02:03:11.472] [exthost] [info] ExtensionService#loadCommonJSModule file:///root/.vscode-server/bin/ea3859d4ba2f3e577a159bc91e3074c5d85c0523/extensions/configuration-editing/dist/configurationEditingMain
[2021-01-03 02:03:11.480] [exthost] [info] ExtensionService#_doActivateExtension vscode.extension-editing {"startup":false,"extensionId":{"value":"vscode.extension-editing","_lower":"vscode.extension-editing"},"activationEvent":"onLanguage:json"}
[2021-01-03 02:03:11.481] [exthost] [info] ExtensionService#loadCommonJSModule file:///root/.vscode-server/bin/ea3859d4ba2f3e577a159bc91e3074c5d85c0523/extensions/extension-editing/dist/extensionEditingMain
[2021-01-03 02:03:11.498] [exthost] [info] ExtensionService#_doActivateExtension vscode.json-language-features {"startup":false,"extensionId":{"value":"vscode.json-language-features","_lower":"vscode.json-language-features"},"activationEvent":"onLanguage:json"}
[2021-01-03 02:03:11.499] [exthost] [info] ExtensionService#loadCommonJSModule file:///root/.vscode-server/bin/ea3859d4ba2f3e577a159bc91e3074c5d85c0523/extensions/json-language-features/client/dist/node/jsonClientMain
[2021-01-03 02:03:11.557] [exthost] [info] ExtensionService#_doActivateExtension vscode.npm {"startup":false,"extensionId":{"value":"vscode.npm","_lower":"vscode.npm"},"activationEvent":"onLanguage:json"}
[2021-01-03 02:03:11.557] [exthost] [info] ExtensionService#loadCommonJSModule file:///root/.vscode-server/bin/ea3859d4ba2f3e577a159bc91e3074c5d85c0523/extensions/npm/dist/npmMain
[2021-01-03 02:03:11.606] [exthost] [info] eager extensions activated
