[2021-01-14 09:24:19.187] [exthost] [info] extension host started
[2021-01-14 09:24:19.252] [exthost] [info] ExtensionService#_doActivateExtension vscode.debug-auto-launch {"startup":true,"extensionId":{"value":"vscode.debug-auto-launch","_lower":"vscode.debug-auto-launch"},"activationEvent":"*"}
[2021-01-14 09:24:19.253] [exthost] [info] ExtensionService#loadCommonJSModule file:///root/.vscode-server/bin/ea3859d4ba2f3e577a159bc91e3074c5d85c0523/extensions/debug-auto-launch/dist/extension
[2021-01-14 09:24:19.260] [exthost] [info] ExtensionService#_doActivateExtension vscode.emmet {"startup":true,"extensionId":{"value":"vscode.emmet","_lower":"vscode.emmet"},"activationEvent":"*"}
[2021-01-14 09:24:19.260] [exthost] [info] ExtensionService#loadCommonJSModule file:///root/.vscode-server/bin/ea3859d4ba2f3e577a159bc91e3074c5d85c0523/extensions/emmet/dist/node/emmetNodeMain
[2021-01-14 09:24:19.311] [exthost] [info] ExtensionService#_doActivateExtension vscode.git {"startup":true,"extensionId":{"value":"vscode.github","_lower":"vscode.github"},"activationEvent":"*"}
[2021-01-14 09:24:19.311] [exthost] [info] ExtensionService#loadCommonJSModule file:///root/.vscode-server/bin/ea3859d4ba2f3e577a159bc91e3074c5d85c0523/extensions/git/dist/main
[2021-01-14 09:24:19.380] [exthost] [info] ExtensionService#_doActivateExtension vscode.merge-conflict {"startup":true,"extensionId":{"value":"vscode.merge-conflict","_lower":"vscode.merge-conflict"},"activationEvent":"*"}
[2021-01-14 09:24:19.380] [exthost] [info] ExtensionService#loadCommonJSModule file:///root/.vscode-server/bin/ea3859d4ba2f3e577a159bc91e3074c5d85c0523/extensions/merge-conflict/dist/mergeConflictMain
[2021-01-14 09:24:19.388] [exthost] [info] ExtensionService#_doActivateExtension vscode.search-result {"startup":true,"extensionId":{"value":"vscode.search-result","_lower":"vscode.search-result"},"activationEvent":"*"}
[2021-01-14 09:24:19.389] [exthost] [info] ExtensionService#loadCommonJSModule file:///root/.vscode-server/bin/ea3859d4ba2f3e577a159bc91e3074c5d85c0523/extensions/search-result/dist/extension.js
[2021-01-14 09:24:19.531] [exthost] [info] ExtensionService#_doActivateExtension vscode.github {"startup":true,"extensionId":{"value":"vscode.github","_lower":"vscode.github"},"activationEvent":"*"}
[2021-01-14 09:24:19.531] [exthost] [info] ExtensionService#loadCommonJSModule file:///root/.vscode-server/bin/ea3859d4ba2f3e577a159bc91e3074c5d85c0523/extensions/github/dist/extension.js
[2021-01-14 09:24:19.616] [exthost] [info] ExtensionService#_doActivateExtension ms-vscode.js-debug {"startup":false,"extensionId":{"value":"ms-vscode.js-debug","_lower":"ms-vscode.js-debug"},"activationEvent":"onCommand:extension.js-debug.clearAutoAttachVariables"}
[2021-01-14 09:24:19.616] [exthost] [info] ExtensionService#loadCommonJSModule file:///root/.vscode-server/bin/ea3859d4ba2f3e577a159bc91e3074c5d85c0523/extensions/ms-vscode.js-debug/src/extension.js
[2021-01-14 09:24:19.866] [exthost] [info] eager extensions activated
[2021-01-14 13:44:02.804] [exthost] [warning] [Decorations] CAPPING events from decorations provider vscode.git 3016
[2021-01-14 13:44:04.666] [exthost] [warning] [Decorations] CAPPING events from decorations provider vscode.git 3016
[2021-01-14 13:44:09.790] [exthost] [warning] [Decorations] CAPPING events from decorations provider vscode.git 3016
[2021-01-14 13:44:14.908] [exthost] [warning] [Decorations] CAPPING events from decorations provider vscode.git 3016
[2021-01-14 13:44:20.045] [exthost] [warning] [Decorations] CAPPING events from decorations provider vscode.git 3017
[2021-01-14 13:44:25.175] [exthost] [warning] [Decorations] CAPPING events from decorations provider vscode.git 3017
[2021-01-14 13:44:30.289] [exthost] [warning] [Decorations] CAPPING events from decorations provider vscode.git 3017
[2021-01-14 13:44:35.357] [exthost] [warning] [Decorations] CAPPING events from decorations provider vscode.git 3017
[2021-01-14 13:44:40.469] [exthost] [warning] [Decorations] CAPPING events from decorations provider vscode.git 3017
[2021-01-14 13:44:45.590] [exthost] [warning] [Decorations] CAPPING events from decorations provider vscode.git 3017
[2021-01-14 13:44:50.708] [exthost] [warning] [Decorations] CAPPING events from decorations provider vscode.git 3017
[2021-01-14 13:44:55.827] [exthost] [warning] [Decorations] CAPPING events from decorations provider vscode.git 3017
[2021-01-14 13:45:00.951] [exthost] [warning] [Decorations] CAPPING events from decorations provider vscode.git 3017
[2021-01-14 13:45:06.042] [exthost] [warning] [Decorations] CAPPING events from decorations provider vscode.git 3017
[2021-01-14 13:45:11.164] [exthost] [warning] [Decorations] CAPPING events from decorations provider vscode.git 3018
[2021-01-14 13:45:16.275] [exthost] [warning] [Decorations] CAPPING events from decorations provider vscode.git 3018
[2021-01-14 13:45:21.383] [exthost] [warning] [Decorations] CAPPING events from decorations provider vscode.git 3018
[2021-01-14 13:45:26.499] [exthost] [warning] [Decorations] CAPPING events from decorations provider vscode.git 3018
[2021-01-14 13:45:31.615] [exthost] [warning] [Decorations] CAPPING events from decorations provider vscode.git 3018
[2021-01-14 13:45:36.689] [exthost] [warning] [Decorations] CAPPING events from decorations provider vscode.git 3018
[2021-01-14 13:45:41.802] [exthost] [warning] [Decorations] CAPPING events from decorations provider vscode.git 3018
[2021-01-14 13:45:46.918] [exthost] [warning] [Decorations] CAPPING events from decorations provider vscode.git 3018
[2021-01-14 13:45:52.043] [exthost] [warning] [Decorations] CAPPING events from decorations provider vscode.git 3018
[2021-01-14 13:45:57.155] [exthost] [warning] [Decorations] CAPPING events from decorations provider vscode.git 3018
[2021-01-14 13:46:02.218] [exthost] [warning] [Decorations] CAPPING events from decorations provider vscode.git 3018
[2021-01-14 13:51:04.025] [exthost] [info] ExtensionService#_doActivateExtension ms-azuretools.vscode-docker {"startup":false,"extensionId":{"value":"ms-azuretools.vscode-docker","_lower":"ms-azuretools.vscode-docker"},"activationEvent":"onView:dockerContainers"}
[2021-01-14 13:51:04.026] [exthost] [info] ExtensionService#loadCommonJSModule file:///root/.vscode-server/extensions/ms-azuretools.vscode-docker-1.9.0/main
